<?xml version="1.0" encoding="UTF-8"?>
<!-- Generated by org.testng.reporters.JUnitXMLReporter -->
<testsuite ignored="0" hostname="Salman" failures="0" tests="6" name="Default test" time="0.067" errors="0" timestamp="2023-03-21T22:59:46 IST">
  <testcase classname="com.para.bank.testcase.ParaBankRegisterDemo" name="launchApplication" time="0.01"/>
  <testcase classname="com.para.bank.testcase.ParaBankRegisterDemo" name="navigateToRegisterDemoScreen" time="0.002"/>
  <testcase classname="com.para.bank.testcase.ParaBankRegisterDemo" name="registerUser" time="0.002"/>
  <testcase classname="com.para.bank.testcase.ParaBankRegisterDemo" name="validateSuccessfulMessage" time="0.001"/>
  <testcase classname="com.para.bank.testcase.ParaBankRegisterDemo" name="logoutUser" time="0.002"/>
  <testcase classname="com.para.bank.testcase.ParaBankRegisterDemo" name="closedApplication" time="0.002"/>
</testsuite> <!-- Default test -->
