<?xml version="1.0" encoding="UTF-8"?>
<!-- Generated by org.testng.reporters.JUnitXMLReporter -->
<testsuite ignored="0" hostname="Salman" failures="0" tests="6" name="ParaBank RegisterDemo Flow" time="17.239" errors="0" timestamp="2023-07-18T11:46:02 IST">
  <testcase classname="com.para.bank.testcase.ParaBankRegisterDemo" name="launchApplication" time="12.657"/>
  <testcase classname="com.para.bank.testcase.ParaBankRegisterDemo" name="navigateToRegisterDemoScreen" time="0.929"/>
  <testcase classname="com.para.bank.testcase.ParaBankRegisterDemo" name="registerUser" time="2.188"/>
  <testcase classname="com.para.bank.testcase.ParaBankRegisterDemo" name="validateSuccessfulMessage" time="0.026"/>
  <testcase classname="com.para.bank.testcase.ParaBankRegisterDemo" name="logoutUser" time="1.117"/>
  <testcase classname="com.para.bank.testcase.ParaBankRegisterDemo" name="closedApplication" time="0.268"/>
</testsuite> <!-- ParaBank RegisterDemo Flow -->
