<?xml version="1.0" encoding="UTF-8"?>
<testng-results ignored="0" total="6" passed="6" failed="0" skipped="0">
  <reporter-output>
    <line>
      <![CDATA[Application is Launched]]>
    </line>
    <line>
      <![CDATA[Register button clicked successfully]]>
    </line>
    <line>
      <![CDATA[Actual and expected title are same]]>
    </line>
    <line>
      <![CDATA[The title of the page is Signing up is easy!]]>
    </line>
    <line>
      <![CDATA[First name is displayed]]>
    </line>
    <line>
      <![CDATA[First name value is mohammad]]>
    </line>
    <line>
      <![CDATA[Last name is displayed]]>
    </line>
    <line>
      <![CDATA[Last name value is Salman]]>
    </line>
    <line>
      <![CDATA[Address line is displayed]]>
    </line>
    <line>
      <![CDATA[Address line value is 14 Avenue]]>
    </line>
    <line>
      <![CDATA[City name is displayed]]>
    </line>
    <line>
      <![CDATA[City name is Noida]]>
    </line>
    <line>
      <![CDATA[State name is displayed]]>
    </line>
    <line>
      <![CDATA[City name is Uttar Pradesh]]>
    </line>
    <line>
      <![CDATA[Zip Code  is displayed]]>
    </line>
    <line>
      <![CDATA[Zip Code  is 232101]]>
    </line>
    <line>
      <![CDATA[Phone number is displayed]]>
    </line>
    <line>
      <![CDATA[Phone number is 7766543210]]>
    </line>
    <line>
      <![CDATA[SSN number is displayed]]>
    </line>
    <line>
      <![CDATA[SSN number is 123456]]>
    </line>
    <line>
      <![CDATA[Username is displayed]]>
    </line>
    <line>
      <![CDATA[Username is ggfhrtgft]]>
    </line>
    <line>
      <![CDATA[Password is displayed]]>
    </line>
    <line>
      <![CDATA[Password is acgfdret]]>
    </line>
    <line>
      <![CDATA[Confirm Password is displayed]]>
    </line>
    <line>
      <![CDATA[Confirm Password is acgfdret]]>
    </line>
    <line>
      <![CDATA[Register Button is enabled]]>
    </line>
    <line>
      <![CDATA[Your account was created successfully. You are now logged in.]]>
    </line>
    <line>
      <![CDATA[Actual and expected validation message are same]]>
    </line>
    <line>
      <![CDATA[Clicked logout link successfully]]>
    </line>
    <line>
      <![CDATA[Application is closed]]>
    </line>
  </reporter-output>
  <suite started-at="2023-07-18T11:45:45 IST" name="Para Bank Automation Suite" finished-at="2023-07-18T11:46:02 IST" duration-ms="17239">
    <groups>
    </groups>
    <test started-at="2023-07-18T11:45:45 IST" name="ParaBank RegisterDemo Flow" finished-at="2023-07-18T11:46:02 IST" duration-ms="17239">
      <class name="com.para.bank.testcase.ParaBankRegisterDemo">
        <test-method signature="launchApplication()[pri:1, instance:com.para.bank.testcase.ParaBankRegisterDemo@393671df]" started-at="2023-07-18T11:45:45 IST" name="launchApplication" finished-at="2023-07-18T11:45:58 IST" duration-ms="12657" status="PASS">
          <reporter-output>
            <line>
              <![CDATA[Application is Launched]]>
            </line>
          </reporter-output>
        </test-method> <!-- launchApplication -->
        <test-method signature="navigateToRegisterDemoScreen()[pri:2, instance:com.para.bank.testcase.ParaBankRegisterDemo@393671df]" started-at="2023-07-18T11:45:58 IST" name="navigateToRegisterDemoScreen" finished-at="2023-07-18T11:45:59 IST" duration-ms="929" status="PASS">
          <reporter-output>
            <line>
              <![CDATA[Register button clicked successfully]]>
            </line>
          </reporter-output>
        </test-method> <!-- navigateToRegisterDemoScreen -->
        <test-method signature="registerUser()[pri:3, instance:com.para.bank.testcase.ParaBankRegisterDemo@393671df]" started-at="2023-07-18T11:45:59 IST" name="registerUser" finished-at="2023-07-18T11:46:01 IST" duration-ms="2188" status="PASS">
          <reporter-output>
            <line>
              <![CDATA[Actual and expected title are same]]>
            </line>
            <line>
              <![CDATA[The title of the page is Signing up is easy!]]>
            </line>
            <line>
              <![CDATA[First name is displayed]]>
            </line>
            <line>
              <![CDATA[First name value is mohammad]]>
            </line>
            <line>
              <![CDATA[Last name is displayed]]>
            </line>
            <line>
              <![CDATA[Last name value is Salman]]>
            </line>
            <line>
              <![CDATA[Address line is displayed]]>
            </line>
            <line>
              <![CDATA[Address line value is 14 Avenue]]>
            </line>
            <line>
              <![CDATA[City name is displayed]]>
            </line>
            <line>
              <![CDATA[City name is Noida]]>
            </line>
            <line>
              <![CDATA[State name is displayed]]>
            </line>
            <line>
              <![CDATA[City name is Uttar Pradesh]]>
            </line>
            <line>
              <![CDATA[Zip Code  is displayed]]>
            </line>
            <line>
              <![CDATA[Zip Code  is 232101]]>
            </line>
            <line>
              <![CDATA[Phone number is displayed]]>
            </line>
            <line>
              <![CDATA[Phone number is 7766543210]]>
            </line>
            <line>
              <![CDATA[SSN number is displayed]]>
            </line>
            <line>
              <![CDATA[SSN number is 123456]]>
            </line>
            <line>
              <![CDATA[Username is displayed]]>
            </line>
            <line>
              <![CDATA[Username is ggfhrtgft]]>
            </line>
            <line>
              <![CDATA[Password is displayed]]>
            </line>
            <line>
              <![CDATA[Password is acgfdret]]>
            </line>
            <line>
              <![CDATA[Confirm Password is displayed]]>
            </line>
            <line>
              <![CDATA[Confirm Password is acgfdret]]>
            </line>
            <line>
              <![CDATA[Register Button is enabled]]>
            </line>
          </reporter-output>
        </test-method> <!-- registerUser -->
        <test-method signature="validateSuccessfulMessage()[pri:4, instance:com.para.bank.testcase.ParaBankRegisterDemo@393671df]" started-at="2023-07-18T11:46:01 IST" name="validateSuccessfulMessage" finished-at="2023-07-18T11:46:01 IST" duration-ms="26" status="PASS">
          <reporter-output>
            <line>
              <![CDATA[Your account was created successfully. You are now logged in.]]>
            </line>
            <line>
              <![CDATA[Actual and expected validation message are same]]>
            </line>
          </reporter-output>
        </test-method> <!-- validateSuccessfulMessage -->
        <test-method signature="logoutUser()[pri:5, instance:com.para.bank.testcase.ParaBankRegisterDemo@393671df]" started-at="2023-07-18T11:46:01 IST" name="logoutUser" finished-at="2023-07-18T11:46:02 IST" duration-ms="1117" status="PASS">
          <reporter-output>
            <line>
              <![CDATA[Clicked logout link successfully]]>
            </line>
          </reporter-output>
        </test-method> <!-- logoutUser -->
        <test-method signature="closedApplication()[pri:6, instance:com.para.bank.testcase.ParaBankRegisterDemo@393671df]" started-at="2023-07-18T11:46:02 IST" name="closedApplication" finished-at="2023-07-18T11:46:02 IST" duration-ms="268" status="PASS">
          <reporter-output>
            <line>
              <![CDATA[Application is closed]]>
            </line>
          </reporter-output>
        </test-method> <!-- closedApplication -->
      </class> <!-- com.para.bank.testcase.ParaBankRegisterDemo -->
    </test> <!-- ParaBank RegisterDemo Flow -->
  </suite> <!-- Para Bank Automation Suite -->
</testng-results>
